TN:
SF:ormconfig.js
FNF:0
FNH:0
DA:1,7
DA:11,7
DA:13,7
DA:19,7
DA:41,7
LF:5
LH:5
BRDA:21,0,0,0
BRDA:21,0,1,7
BRDA:24,1,0,0
BRDA:24,1,1,7
BRDA:26,2,0,0
BRDA:26,2,1,7
BRF:6
BRH:3
end_of_record
TN:
SF:dist/entities/Bed.js
FN:2,(anonymous_0)
FN:8,(anonymous_1)
FN:20,(anonymous_2)
FN:40,(anonymous_3)
FN:45,(anonymous_4)
FN:46,(anonymous_5)
FN:46,(anonymous_6)
FN:53,(anonymous_7)
FN:53,(anonymous_8)
FNF:9
FNH:6
FNDA:70,(anonymous_0)
FNDA:63,(anonymous_1)
FNDA:0,(anonymous_2)
FNDA:0,(anonymous_3)
FNDA:0,(anonymous_4)
FNDA:7,(anonymous_5)
FNDA:7,(anonymous_6)
FNDA:7,(anonymous_7)
FNDA:7,(anonymous_8)
DA:2,7
DA:3,70
DA:4,70
DA:5,0
DA:6,70
DA:8,7
DA:9,63
DA:11,7
DA:12,7
DA:13,7
DA:14,7
DA:15,7
DA:16,7
DA:17,7
DA:19,7
DA:20,0
DA:24,7
DA:29,7
DA:34,7
DA:39,7
DA:40,0
DA:44,7
DA:45,0
DA:46,7
DA:52,7
DA:53,7
DA:56,7
DA:61,7
DA:66,7
DA:70,7
LF:30
LH:26
BRDA:2,0,0,7
BRDA:2,0,1,7
BRDA:2,0,2,7
BRDA:3,1,0,7
BRDA:3,1,1,63
BRDA:3,2,0,0
BRDA:3,2,1,63
BRDA:4,3,0,70
BRDA:4,3,1,0
BRDA:4,4,0,70
BRDA:4,4,1,70
BRDA:5,5,0,0
BRDA:5,5,1,0
BRDA:5,6,0,0
BRDA:5,6,1,0
BRDA:5,7,0,0
BRDA:5,7,1,0
BRDA:5,8,0,0
BRDA:5,8,1,0
BRDA:6,9,0,70
BRDA:6,9,1,63
BRDA:6,9,2,0
BRDA:8,10,0,7
BRDA:8,10,1,7
BRDA:8,10,2,7
BRDA:9,11,0,63
BRDA:9,11,1,0
BRDA:9,12,0,63
BRDA:9,12,1,63
BRF:29
BRH:17
end_of_record
TN:
SF:dist/entities/Garden.js
FN:2,(anonymous_0)
FN:8,(anonymous_1)
FN:20,(anonymous_2)
FN:40,(anonymous_3)
FN:45,(anonymous_4)
FN:46,(anonymous_5)
FN:46,(anonymous_6)
FN:53,(anonymous_7)
FN:53,(anonymous_8)
FNF:9
FNH:6
FNDA:70,(anonymous_0)
FNDA:63,(anonymous_1)
FNDA:0,(anonymous_2)
FNDA:0,(anonymous_3)
FNDA:0,(anonymous_4)
FNDA:7,(anonymous_5)
FNDA:7,(anonymous_6)
FNDA:7,(anonymous_7)
FNDA:7,(anonymous_8)
DA:2,7
DA:3,70
DA:4,70
DA:5,0
DA:6,70
DA:8,7
DA:9,63
DA:11,7
DA:12,7
DA:13,7
DA:14,7
DA:15,7
DA:16,7
DA:17,7
DA:19,7
DA:20,0
DA:24,7
DA:29,7
DA:34,7
DA:39,7
DA:40,0
DA:44,7
DA:45,0
DA:46,7
DA:52,7
DA:53,7
DA:56,7
DA:61,7
DA:66,7
DA:70,7
LF:30
LH:26
BRDA:2,0,0,7
BRDA:2,0,1,7
BRDA:2,0,2,7
BRDA:3,1,0,7
BRDA:3,1,1,63
BRDA:3,2,0,0
BRDA:3,2,1,63
BRDA:4,3,0,70
BRDA:4,3,1,0
BRDA:4,4,0,70
BRDA:4,4,1,70
BRDA:5,5,0,0
BRDA:5,5,1,0
BRDA:5,6,0,0
BRDA:5,6,1,0
BRDA:5,7,0,0
BRDA:5,7,1,0
BRDA:5,8,0,0
BRDA:5,8,1,0
BRDA:6,9,0,70
BRDA:6,9,1,63
BRDA:6,9,2,0
BRDA:8,10,0,7
BRDA:8,10,1,7
BRDA:8,10,2,7
BRDA:9,11,0,63
BRDA:9,11,1,0
BRDA:9,12,0,63
BRDA:9,12,1,63
BRF:29
BRH:17
end_of_record
TN:
SF:dist/entities/PlantOption.js
FN:2,(anonymous_0)
FN:8,(anonymous_1)
FN:18,(anonymous_2)
FN:23,(anonymous_3)
FN:28,(anonymous_4)
FN:33,(anonymous_5)
FN:38,(anonymous_6)
FN:43,(anonymous_7)
FN:48,(anonymous_8)
FN:53,(anonymous_9)
FNF:10
FNH:2
FNDA:77,(anonymous_0)
FNDA:70,(anonymous_1)
FNDA:0,(anonymous_2)
FNDA:0,(anonymous_3)
FNDA:0,(anonymous_4)
FNDA:0,(anonymous_5)
FNDA:0,(anonymous_6)
FNDA:0,(anonymous_7)
FNDA:0,(anonymous_8)
FNDA:0,(anonymous_9)
DA:2,7
DA:3,77
DA:4,77
DA:5,0
DA:6,77
DA:8,7
DA:9,70
DA:11,7
DA:12,7
DA:13,7
DA:14,7
DA:15,7
DA:17,7
DA:18,0
DA:22,7
DA:23,0
DA:27,7
DA:28,0
DA:32,7
DA:33,0
DA:37,7
DA:38,0
DA:42,7
DA:43,0
DA:47,7
DA:48,0
DA:52,7
DA:53,0
DA:57,7
DA:62,7
DA:67,7
DA:71,7
LF:32
LH:23
BRDA:2,0,0,7
BRDA:2,0,1,7
BRDA:2,0,2,7
BRDA:3,1,0,7
BRDA:3,1,1,70
BRDA:3,2,0,0
BRDA:3,2,1,70
BRDA:4,3,0,77
BRDA:4,3,1,0
BRDA:4,4,0,77
BRDA:4,4,1,77
BRDA:5,5,0,0
BRDA:5,5,1,0
BRDA:5,6,0,0
BRDA:5,6,1,0
BRDA:5,7,0,0
BRDA:5,7,1,0
BRDA:5,8,0,0
BRDA:5,8,1,0
BRDA:6,9,0,77
BRDA:6,9,1,70
BRDA:6,9,2,0
BRDA:8,10,0,7
BRDA:8,10,1,7
BRDA:8,10,2,7
BRDA:9,11,0,70
BRDA:9,11,1,0
BRDA:9,12,0,70
BRDA:9,12,1,70
BRF:29
BRH:17
end_of_record
TN:
SF:dist/entities/Section.js
FN:2,(anonymous_0)
FN:8,(anonymous_1)
FN:19,(anonymous_2)
FN:24,(anonymous_3)
FN:29,(anonymous_4)
FN:34,(anonymous_5)
FN:39,(anonymous_6)
FN:40,(anonymous_7)
FN:40,(anonymous_8)
FN:47,(anonymous_9)
FNF:10
FNH:4
FNDA:63,(anonymous_0)
FNDA:56,(anonymous_1)
FNDA:0,(anonymous_2)
FNDA:0,(anonymous_3)
FNDA:0,(anonymous_4)
FNDA:0,(anonymous_5)
FNDA:0,(anonymous_6)
FNDA:7,(anonymous_7)
FNDA:7,(anonymous_8)
FNDA:0,(anonymous_9)
DA:2,7
DA:3,63
DA:4,63
DA:5,0
DA:6,63
DA:8,7
DA:9,56
DA:11,7
DA:12,7
DA:13,7
DA:14,7
DA:15,7
DA:16,7
DA:18,7
DA:19,0
DA:23,7
DA:24,0
DA:28,7
DA:29,0
DA:33,7
DA:34,0
DA:38,7
DA:39,0
DA:40,7
DA:46,7
DA:47,0
DA:51,7
DA:56,7
DA:61,7
DA:65,7
LF:30
LH:23
BRDA:2,0,0,7
BRDA:2,0,1,7
BRDA:2,0,2,7
BRDA:3,1,0,7
BRDA:3,1,1,56
BRDA:3,2,0,0
BRDA:3,2,1,56
BRDA:4,3,0,63
BRDA:4,3,1,0
BRDA:4,4,0,63
BRDA:4,4,1,63
BRDA:5,5,0,0
BRDA:5,5,1,0
BRDA:5,6,0,0
BRDA:5,6,1,0
BRDA:5,7,0,0
BRDA:5,7,1,0
BRDA:5,8,0,0
BRDA:5,8,1,0
BRDA:6,9,0,63
BRDA:6,9,1,56
BRDA:6,9,2,0
BRDA:8,10,0,7
BRDA:8,10,1,7
BRDA:8,10,2,7
BRDA:9,11,0,56
BRDA:9,11,1,0
BRDA:9,12,0,56
BRDA:9,12,1,56
BRF:29
BRH:17
end_of_record
TN:
SF:dist/entities/User.js
FN:2,(anonymous_0)
FN:8,(anonymous_1)
FN:11,(anonymous_2)
FN:12,(anonymous_3)
FN:20,(anonymous_4)
FN:25,(anonymous_5)
FN:60,(anonymous_6)
FN:60,(anonymous_7)
FNF:8
FNH:6
FNDA:77,(anonymous_0)
FNDA:84,(anonymous_1)
FNDA:7,(anonymous_2)
FNDA:7,(anonymous_3)
FNDA:0,(anonymous_4)
FNDA:0,(anonymous_5)
FNDA:7,(anonymous_6)
FNDA:7,(anonymous_7)
DA:2,7
DA:3,77
DA:4,77
DA:5,0
DA:6,77
DA:8,7
DA:9,84
DA:11,7
DA:12,7
DA:14,7
DA:15,7
DA:16,7
DA:17,7
DA:18,7
DA:19,7
DA:21,0
DA:24,7
DA:25,0
DA:29,7
DA:34,7
DA:38,7
DA:43,7
DA:48,7
DA:55,7
DA:59,7
DA:60,7
DA:63,7
DA:68,7
DA:73,7
DA:77,7
LF:30
LH:27
BRDA:2,0,0,7
BRDA:2,0,1,7
BRDA:2,0,2,7
BRDA:3,1,0,7
BRDA:3,1,1,70
BRDA:3,2,0,7
BRDA:3,2,1,63
BRDA:4,3,0,77
BRDA:4,3,1,0
BRDA:4,4,0,77
BRDA:4,4,1,77
BRDA:5,5,0,0
BRDA:5,5,1,0
BRDA:5,6,0,0
BRDA:5,6,1,0
BRDA:5,7,0,0
BRDA:5,7,1,0
BRDA:5,8,0,0
BRDA:5,8,1,0
BRDA:6,9,0,77
BRDA:6,9,1,70
BRDA:6,9,2,7
BRDA:8,10,0,7
BRDA:8,10,1,7
BRDA:8,10,2,7
BRDA:9,11,0,84
BRDA:9,11,1,0
BRDA:9,12,0,84
BRDA:9,12,1,84
BRDA:11,13,0,7
BRDA:11,13,1,7
BRDA:11,13,2,7
BRF:32
BRH:22
end_of_record
TN:
SF:dist/entities/index.js
FN:2,(anonymous_0)
FN:4,(anonymous_1)
FN:5,(anonymous_2)
FN:9,(anonymous_3)
FNF:4
FNH:3
FNDA:35,(anonymous_0)
FNDA:35,(anonymous_1)
FNDA:0,(anonymous_2)
FNDA:35,(anonymous_3)
DA:2,7
DA:3,35
DA:4,35
DA:6,0
DA:7,0
DA:9,7
DA:10,35
DA:12,7
DA:13,7
DA:14,7
DA:15,7
DA:16,7
DA:17,7
LF:13
LH:11
BRDA:2,0,0,7
BRDA:2,0,1,7
BRDA:2,0,2,7
BRDA:2,1,0,7
BRDA:2,1,1,0
BRDA:3,2,0,35
BRDA:3,2,1,0
BRDA:6,3,0,0
BRDA:6,3,1,0
BRDA:9,4,0,7
BRDA:9,4,1,7
BRDA:9,4,2,7
BRDA:10,5,0,35
BRDA:10,5,1,0
BRDA:10,6,0,35
BRDA:10,6,1,35
BRF:16
BRH:11
end_of_record
